<?xml version="1.0" encoding="UTF-8"?>
<!-- Generated by org.testng.reporters.JUnitReportReporter -->
<testsuite hostname="DESKTOP-DJH6EOB" failures="0" tests="4" name="api.test.UserTest1" time="13.287" errors="0" timestamp="2023-03-22T16:48:33 IST" skipped="0">
  <testcase classname="api.test.UserTest1" name="testPostUser" time="5.747"/>
  <system-out/>
  <testcase classname="api.test.UserTest1" name="testGetUserByName" time="1.733"/>
  <system-out/>
  <testcase classname="api.test.UserTest1" name="testUpdateUserByName" time="3.827"/>
  <system-out/>
  <testcase classname="api.test.UserTest1" name="testDeleteUserByName" time="1.980"/>
  <system-out/>
</testsuite> <!-- api.test.UserTest1 -->
