<?xml version="1.0" encoding="UTF-8"?>
<!-- Generated by org.testng.reporters.JUnitReportReporter -->
<testsuite hostname="DESKTOP-DJH6EOB" failures="0" tests="4" name="api.testcases.UserTest" time="14.597" errors="0" timestamp="2023-03-18T22:35:40 IST" skipped="0">
  <testcase classname="api.testcases.UserTest" name="testPostUser" time="5.123"/>
  <system-out/>
  <testcase classname="api.testcases.UserTest" name="testGetUserByName" time="2.776"/>
  <system-out/>
  <testcase classname="api.testcases.UserTest" name="testUpdateUserByName" time="4.238"/>
  <system-out/>
  <testcase classname="api.testcases.UserTest" name="testDeleteUserByName" time="2.460"/>
  <system-out/>
</testsuite> <!-- api.testcases.UserTest -->
