<?xml version="1.0" encoding="UTF-8"?>
<!-- Generated by org.testng.reporters.JUnitReportReporter -->
<testsuite hostname="DESKTOP-DJH6EOB" failures="0" tests="4" name="api.test.UserTest" time="15.616" errors="0" timestamp="2023-03-21T22:27:08 IST" skipped="0">
  <testcase classname="api.test.UserTest" name="testPostUser" time="4.961"/>
  <system-out/>
  <testcase classname="api.test.UserTest" name="testGetUserByName" time="2.980"/>
  <system-out/>
  <testcase classname="api.test.UserTest" name="testUpdateUserByName" time="5.241"/>
  <system-out/>
  <testcase classname="api.test.UserTest" name="testDeleteUserByName" time="2.434"/>
  <system-out/>
</testsuite> <!-- api.test.UserTest -->
