<?xml version="1.0" encoding="UTF-8"?>
<!-- Generated by org.testng.reporters.JUnitReportReporter -->
<testsuite hostname="DESKTOP-DJH6EOB" failures="0" tests="6" name="api.testcases.DataDrivenTests" time="18.169" errors="0" timestamp="2023-03-21T19:52:21 IST" skipped="0">
  <testcase classname="api.testcases.DataDrivenTests" name="testPostuser" time="4.858"/>
  <system-out/>
  <testcase classname="api.testcases.DataDrivenTests" name="testPostuser" time="4.334"/>
  <system-out/>
  <testcase classname="api.testcases.DataDrivenTests" name="testPostuser" time="2.363"/>
  <system-out/>
  <testcase classname="api.testcases.DataDrivenTests" name="testDeleteUserByName" time="2.454"/>
  <system-out/>
  <testcase classname="api.testcases.DataDrivenTests" name="testDeleteUserByName" time="2.253"/>
  <system-out/>
  <testcase classname="api.testcases.DataDrivenTests" name="testDeleteUserByName" time="1.907"/>
  <system-out/>
</testsuite> <!-- api.testcases.DataDrivenTests -->
