<?xml version="1.0" encoding="UTF-8"?>
<!-- Generated by org.testng.reporters.JUnitReportReporter -->
<testsuite hostname="DESKTOP-DJH6EOB" failures="0" tests="4" name="api.test.UserTest1" time="12.394" errors="0" timestamp="2023-03-25T22:48:40 IST" skipped="0">
  <testcase classname="api.test.UserTest1" name="testPostUser" time="3.836"/>
  <system-out/>
  <testcase classname="api.test.UserTest1" name="testGetUserByName" time="1.773"/>
  <system-out/>
  <testcase classname="api.test.UserTest1" name="testUpdateUserByName" time="4.516"/>
  <system-out/>
  <testcase classname="api.test.UserTest1" name="testDeleteUserByName" time="2.269"/>
  <system-out/>
</testsuite> <!-- api.test.UserTest1 -->
