<?xml version="1.0" encoding="UTF-8"?>
<!-- Generated by org.testng.reporters.JUnitReportReporter -->
<testsuite hostname="DESKTOP-DJH6EOB" failures="0" tests="4" name="api.test.UserTest1" time="12.027" errors="0" timestamp="2023-03-22T22:20:55 IST" skipped="0">
  <testcase classname="api.test.UserTest1" name="testPostUser" time="4.391"/>
  <system-out/>
  <testcase classname="api.test.UserTest1" name="testGetUserByName" time="2.111"/>
  <system-out/>
  <testcase classname="api.test.UserTest1" name="testUpdateUserByName" time="3.781"/>
  <system-out/>
  <testcase classname="api.test.UserTest1" name="testDeleteUserByName" time="1.744"/>
  <system-out/>
</testsuite> <!-- api.test.UserTest1 -->
